<?xml version="1.0" encoding="UTF-8"?>
<!-- Generated by org.testng.reporters.JUnitReportReporter -->
<testsuite hostname="BINTERNS-QA45L" failures="0" tests="3" name="dominos_testcase.Greekforgreek_test" time="11.583" errors="0" timestamp="2023-05-01T18:02:49 IST" skipped="0">
  <testcase classname="dominos_testcase.Greekforgreek_test" name="runtest" time="0.307"/>
  <system-out/>
  <testcase classname="dominos_testcase.Greekforgreek_test" name="clickrun" time="1.093"/>
  <system-out/>
  <testcase classname="dominos_testcase.Greekforgreek_test" name="codetext" time="10.183"/>
  <system-out/>
</testsuite> <!-- dominos_testcase.Greekforgreek_test -->
