<?xml version="1.0" encoding="UTF-8"?>
<!-- Generated by org.testng.reporters.JUnitReportReporter -->
<testsuite hostname="BINTERNS-QA45L" failures="0" tests="1" name="Repeat_boy.Uber.AppTest" time="0.001" errors="0" timestamp="2023-05-02T12:37:11 IST" skipped="0">
  <testcase classname="Repeat_boy.Uber.AppTest" name="shouldAnswerWithTrue" time="0.001"/>
  <system-out/>
</testsuite> <!-- Repeat_boy.Uber.AppTest -->
