<?xml version="1.0" encoding="UTF-8"?>
<!-- Generated by org.testng.reporters.JUnitReportReporter -->
<testsuite hostname="BINTERNS-QA45L" failures="0" tests="7" name="dominos_testcase.Oder_a_pizza_testcase" time="27.808" errors="0" timestamp="2023-04-28T10:53:46 IST" skipped="0">
  <testcase classname="dominos_testcase.Oder_a_pizza_testcase" name="alerthandle" time="1.206"/>
  <system-out/>
  <testcase classname="dominos_testcase.Oder_a_pizza_testcase" name="clickonpizza" time="4.925"/>
  <system-out/>
  <testcase classname="dominos_testcase.Oder_a_pizza_testcase" name="likethepizza" time="4.319"/>
  <system-out/>
  <testcase classname="dominos_testcase.Oder_a_pizza_testcase" name="cheeseadd" time="4.286"/>
  <system-out/>
  <testcase classname="dominos_testcase.Oder_a_pizza_testcase" name="adtop" time="4.397"/>
  <system-out/>
  <testcase classname="dominos_testcase.Oder_a_pizza_testcase" name="badapizzalarg" time="4.269"/>
  <system-out/>
  <testcase classname="dominos_testcase.Oder_a_pizza_testcase" name="adnonvetop" time="4.406"/>
  <system-out/>
</testsuite> <!-- dominos_testcase.Oder_a_pizza_testcase -->
